Using pre-set license
Built from '2022.3/staging' branch; Version is '2022.3.6f1 (b9e6e7e9fa2d) revision 12183271'; Using compiler version '192829333'; Build Type 'Release'
OS: 'Windows 11  (10.0.22631) 64bit Professional' Language: 'en' Physical Memory: 32605 MB
BatchMode: 1, IsHumanControllingUs: 0, StartBugReporterOnCrash: 0, Is64bit: 1, IsPro: 1

COMMAND LINE ARGUMENTS:
E:\Unity\Installs\2022.3.6f1\Editor\Unity.exe
-adb2
-batchMode
-noUpm
-name
AssetImportWorker5
-projectPath
C:/Users/jevan/Documents/GitHub/CS498ProjectMain
-logFile
Logs/AssetImportWorker5.log
-srvPort
60857
Successfully changed project path to: C:/Users/jevan/Documents/GitHub/CS498ProjectMain
C:/Users/jevan/Documents/GitHub/CS498ProjectMain
[UnityMemory] Configuration Parameters - Can be set up in boot.config
    "memorysetup-bucket-allocator-granularity=16"
    "memorysetup-bucket-allocator-bucket-count=8"
    "memorysetup-bucket-allocator-block-size=33554432"
    "memorysetup-bucket-allocator-block-count=8"
    "memorysetup-main-allocator-block-size=16777216"
    "memorysetup-thread-allocator-block-size=16777216"
    "memorysetup-gfx-main-allocator-block-size=16777216"
    "memorysetup-gfx-thread-allocator-block-size=16777216"
    "memorysetup-cache-allocator-block-size=4194304"
    "memorysetup-typetree-allocator-block-size=2097152"
    "memorysetup-profiler-bucket-allocator-granularity=16"
    "memorysetup-profiler-bucket-allocator-bucket-count=8"
    "memorysetup-profiler-bucket-allocator-block-size=33554432"
    "memorysetup-profiler-bucket-allocator-block-count=8"
    "memorysetup-profiler-allocator-block-size=16777216"
    "memorysetup-profiler-editor-allocator-block-size=1048576"
    "memorysetup-temp-allocator-size-main=16777216"
    "memorysetup-job-temp-allocator-block-size=2097152"
    "memorysetup-job-temp-allocator-block-size-background=1048576"
    "memorysetup-job-temp-allocator-reduction-small-platforms=262144"
    "memorysetup-allocator-temp-initial-block-size-main=262144"
    "memorysetup-allocator-temp-initial-block-size-worker=262144"
    "memorysetup-temp-allocator-size-background-worker=32768"
    "memorysetup-temp-allocator-size-job-worker=262144"
    "memorysetup-temp-allocator-size-preload-manager=33554432"
    "memorysetup-temp-allocator-size-nav-mesh-worker=65536"
    "memorysetup-temp-allocator-size-audio-worker=65536"
    "memorysetup-temp-allocator-size-cloud-worker=32768"
    "memorysetup-temp-allocator-size-gi-baking-worker=262144"
    "memorysetup-temp-allocator-size-gfx=262144"
Player connection [12256] Host "[IP] 192.168.51.39 [Port] 0 [Flags] 2 [Guid] 4117948836 [EditorId] 4117948836 [Version] 1048832 [Id] WindowsEditor(7,RadiantDesktop) [Debug] 1 [PackageName] WindowsEditor [ProjectName] Editor" joined multi-casting on [225.0.0.222:54997]...

Player connection [12256] Host "[IP] 192.168.51.39 [Port] 0 [Flags] 2 [Guid] 4117948836 [EditorId] 4117948836 [Version] 1048832 [Id] WindowsEditor(7,RadiantDesktop) [Debug] 1 [PackageName] WindowsEditor [ProjectName] Editor" joined alternative multi-casting on [225.0.0.222:34997]...

Refreshing native plugins compatible for Editor in 43.82 ms, found 10 plugins.
Preloading 2 native plugins for Editor in 0.99 ms.
Initialize engine version: 2022.3.6f1 (b9e6e7e9fa2d)
[Subsystems] Discovering subsystems at path E:/Unity/Installs/2022.3.6f1/Editor/Data/Resources/UnitySubsystems
[Subsystems] Discovering subsystems at path C:/Users/jevan/Documents/GitHub/CS498ProjectMain/Assets
GfxDevice: creating device client; threaded=0; jobified=0
Direct3D:
    Version:  Direct3D 11.0 [level 11.1]
    Renderer: AMD Radeon RX 6800 (ID=0x73bf)
    Vendor:   ATI
    VRAM:     16338 MB
    Driver:   31.0.23013.1023
Initialize mono
Mono path[0] = 'E:/Unity/Installs/2022.3.6f1/Editor/Data/Managed'
Mono path[1] = 'E:/Unity/Installs/2022.3.6f1/Editor/Data/MonoBleedingEdge/lib/mono/unityjit-win32'
Mono config path = 'E:/Unity/Installs/2022.3.6f1/Editor/Data/MonoBleedingEdge/etc'
Using monoOptions --debugger-agent=transport=dt_socket,embedding=1,server=y,suspend=n,address=127.0.0.1:56744
Begin MonoManager ReloadAssembly
Registering precompiled unity dll's ...
Register platform support module: E:/Unity/Installs/2022.3.6f1/Editor/Data/PlaybackEngines/AndroidPlayer/UnityEditor.Android.Extensions.dll
Register platform support module: E:/Unity/Installs/2022.3.6f1/Editor/Data/PlaybackEngines/WindowsStandaloneSupport/UnityEditor.WindowsStandalone.Extensions.dll
Registered in 0.002803 seconds.
- Loaded All Assemblies, in  0.277 seconds
Native extension for WindowsStandalone target not found
Native extension for Android target not found
Mono: successfully reloaded assembly
- Finished resetting the current domain, in  0.335 seconds
Domain Reload Profiling: 612ms
	BeginReloadAssembly (72ms)
		ExecutionOrderSort (0ms)
		DisableScriptedObjects (0ms)
		BackupInstance (0ms)
		ReleaseScriptingObjects (0ms)
		CreateAndSetChildDomain (1ms)
	RebuildCommonClasses (32ms)
	RebuildNativeTypeToScriptingClass (11ms)
	initialDomainReloadingComplete (43ms)
	LoadAllAssembliesAndSetupDomain (117ms)
		LoadAssemblies (72ms)
		RebuildTransferFunctionScriptingTraits (0ms)
		AnalyzeDomain (114ms)
			TypeCache.Refresh (114ms)
				TypeCache.ScanAssembly (105ms)
			ScanForSourceGeneratedMonoScriptInfo (0ms)
			ResolveRequiredComponents (0ms)
	FinalizeReload (335ms)
		ReleaseScriptCaches (0ms)
		RebuildScriptCaches (0ms)
		SetupLoadedEditorAssemblies (282ms)
			LogAssemblyErrors (0ms)
			InitializePlatformSupportModulesInManaged (100ms)
			SetLoadedEditorAssemblies (4ms)
			RefreshPlugins (0ms)
			BeforeProcessingInitializeOnLoad (2ms)
			ProcessInitializeOnLoadAttributes (124ms)
			ProcessInitializeOnLoadMethodAttributes (52ms)
			AfterProcessingInitializeOnLoad (0ms)
			EditorAssembliesLoaded (0ms)
		ExecutionOrderSort2 (0ms)
		AwakeInstancesAfterBackupRestoration (0ms)
========================================================================
Worker process is ready to serve import requests
Begin MonoManager ReloadAssembly
- Loaded All Assemblies, in  0.929 seconds
Refreshing native plugins compatible for Editor in 32.10 ms, found 10 plugins.
Native extension for WindowsStandalone target not found
Native extension for Android target not found
Package Manager log level set to [2]
[Package Manager] Server::EnsureServerProcessIsRunning -- launch failed, reason: Unity was launched with the -noUpm command-line argument
[Package Manager] UpmClient::Send -- Unable to send message (not connected to UPM process).
[Package Manager] Cannot connect to Unity Package Manager local server
System.ArgumentNullException: Value cannot be null.
Parameter name: path
  at System.IO.Directory.CreateDirectory (System.String path) [0x00003] in <eef08f56e2e042f1b3027eca477293d9>:0 
  at VRC.SDKBase.Editor.VRCPackageSettings.EnsurePathExists () [0x0000b] in .\Packages\com.vrchat.base\Editor\VRCSDK\Dependencies\VRChat\VRCPackageSettings.cs:45 
  at VRC.SDKBase.Editor.VRCPackageSettings.Load () [0x00000] in .\Packages\com.vrchat.base\Editor\VRCSDK\Dependencies\VRChat\VRCPackageSettings.cs:50 
  at VRC.SDKBase.Editor.VRCPackageSettings.Create () [0x00005] in .\Packages\com.vrchat.base\Editor\VRCSDK\Dependencies\VRChat\VRCPackageSettings.cs:19 
  at VRC.SDKBase.Editor.SampleHintCreator..cctor () [0x00007] in .\Packages\com.vrchat.base\Editor\VRCSDK\SampleHintCreator.cs:18 
UnityEngine.StackTraceUtility:ExtractStackTrace ()
UnityEngine.DebugLogHandler:LogFormat (UnityEngine.LogType,UnityEngine.Object,string,object[])
UnityEngine.Logger:Log (UnityEngine.LogType,object)
UnityEngine.Debug:LogError (object)
UnityEditor.EditorAssemblies:ProcessInitializeOnLoadAttributes (System.Type[])

System.Reflection.TargetInvocationException: Exception has been thrown by the target of an invocation. ---> System.NullReferenceException: Object reference not set to an instance of an object
  at Unity.XR.Oculus.OculusLoader.AssetPathToAbsolutePath (System.String assetPath) [0x00040] in .\Library\PackageCache\com.unity.xr.oculus@4.0.0\Runtime\OculusLoader.cs:282 
  at Unity.XR.Oculus.OculusLoader.EditorLoadOVRPlugin () [0x0007b] in .\Library\PackageCache\com.unity.xr.oculus@4.0.0\Runtime\OculusLoader.cs:267 
  at (wrapper managed-to-native) System.Reflection.RuntimeMethodInfo.InternalInvoke(System.Reflection.RuntimeMethodInfo,object,object[],System.Exception&)
  at System.Reflection.RuntimeMethodInfo.Invoke (System.Object obj, System.Reflection.BindingFlags invokeAttr, System.Reflection.Binder binder, System.Object[] parameters, System.Globalization.CultureInfo culture) [0x0006a] in <eef08f56e2e042f1b3027eca477293d9>:0 
   --- End of inner exception stack trace ---
  at System.Reflection.RuntimeMethodInfo.Invoke (System.Object obj, System.Reflection.BindingFlags invokeAttr, System.Reflection.Binder binder, System.Object[] parameters, System.Globalization.CultureInfo culture) [0x00083] in <eef08f56e2e042f1b3027eca477293d9>:0 
  at System.Reflection.MethodBase.Invoke (System.Object obj, System.Object[] parameters) [0x00000] in <eef08f56e2e042f1b3027eca477293d9>:0 
  at UnityEditor.EditorAssemblies.ProcessInitializeOnLoadMethodAttributes () [0x000a5] in <347e3e2bef8c4deb82c9790c6e198135>:0 
UnityEngine.StackTraceUtility:ExtractStackTrace ()
UnityEngine.DebugLogHandler:LogFormat (UnityEngine.LogType,UnityEngine.Object,string,object[])
UnityEngine.Logger:Log (UnityEngine.LogType,object)
UnityEngine.Debug:LogError (object)
UnityEditor.EditorAssemblies:ProcessInitializeOnLoadMethodAttributes ()

Mono: successfully reloaded assembly
[Package Manager] Server::EnsureServerProcessIsRunning -- launch failed, reason: Unity was launched with the -noUpm command-line argument
[Package Manager] UpmClient::Send -- Unable to send message (not connected to UPM process).
[Package Manager] Cannot connect to Unity Package Manager local server
[Package Manager] Server::EnsureServerProcessIsRunning -- launch failed, reason: Unity was launched with the -noUpm command-line argument
[Package Manager] UpmClient::Send -- Unable to send message (not connected to UPM process).
[Package Manager] Cannot connect to Unity Package Manager local server
- Finished resetting the current domain, in  2.598 seconds
Domain Reload Profiling: 3524ms
	BeginReloadAssembly (102ms)
		ExecutionOrderSort (0ms)
		DisableScriptedObjects (4ms)
		BackupInstance (0ms)
		ReleaseScriptingObjects (0ms)
		CreateAndSetChildDomain (17ms)
	RebuildCommonClasses (27ms)
	RebuildNativeTypeToScriptingClass (8ms)
	initialDomainReloadingComplete (34ms)
	LoadAllAssembliesAndSetupDomain (755ms)
		LoadAssemblies (349ms)
		RebuildTransferFunctionScriptingTraits (0ms)
		AnalyzeDomain (448ms)
			TypeCache.Refresh (395ms)
				TypeCache.ScanAssembly (370ms)
			ScanForSourceGeneratedMonoScriptInfo (41ms)
			ResolveRequiredComponents (12ms)
	FinalizeReload (2598ms)
		ReleaseScriptCaches (0ms)
		RebuildScriptCaches (0ms)
		SetupLoadedEditorAssemblies (1358ms)
			LogAssemblyErrors (0ms)
			InitializePlatformSupportModulesInManaged (19ms)
			SetLoadedEditorAssemblies (5ms)
			RefreshPlugins (0ms)
			BeforeProcessingInitializeOnLoad (115ms)
			ProcessInitializeOnLoadAttributes (692ms)
			ProcessInitializeOnLoadMethodAttributes (522ms)
			AfterProcessingInitializeOnLoad (4ms)
			EditorAssembliesLoaded (0ms)
		ExecutionOrderSort2 (0ms)
		AwakeInstancesAfterBackupRestoration (8ms)
Launched and connected shader compiler UnityShaderCompiler.exe after 0.03 seconds
Refreshing native plugins compatible for Editor in 28.40 ms, found 10 plugins.
Preloading 2 native plugins for Editor in 0.15 ms.
Unloading 4428 Unused Serialized files (Serialized files now loaded: 0)
Unloading 237 unused Assets / (3.1 MB). Loaded Objects now: 4863.
Memory consumption went from 328.3 MB to 325.2 MB.
Total: 24.271500 ms (FindLiveObjects: 0.275300 ms CreateObjectMapping: 0.136100 ms MarkObjects: 22.901600 ms  DeleteObjects: 0.957100 ms)

AssetImportParameters requested are different than current active one (requested -> active):
  custom:container-demuxer-ogg: 62fdf1f143b41e24485cea50d1cbac27 -> 
  custom:video-codec-MediaFoundation-h265: 746d11721c4dcdbdad8f713fa42b33f4 -> 
  custom:video-decoder-ogg-theora: a1e56fd34408186e4bbccfd4996cb3dc -> 
  custom:framework-win-MediaFoundation: 216162199b28c13a410421893ffa2e32 -> 
  custom:CustomObjectIndexerAttribute: 756ad292c208cfabdd7b50bc23989ffe -> 
  custom:container-demuxer-webm: 4f35f7cbe854078d1ac9338744f61a02 -> 
  custom:container-muxer-webm: aa71ff27fc2769a1b78a27578f13a17b -> 
  custom:video-decoder-webm-vp8: 9c59270c3fd7afecdb556c50c9e8de78 -> 
  custom:SearchIndexIgnoredProperties: e643bd26f0fe6173181afceb89e7c659 -> 
  custom:AudioImporter_EditorPlatform: d09bf68614088b80899f8185d706f6e7 -> 
  custom:video-encoder-webm-vp8: eb34c28f22e8b96e1ab97ce403110664 -> 
  custom:audio-decoder-ogg-vorbis: bf7c407c2cedff20999df2af8eb42d56 -> 
  custom:audio-encoder-webm-vorbis: bf7c407c2cedff20999df2af8eb42d56 -> 
========================================================================
Received Prepare
Begin MonoManager ReloadAssembly
Removing scripting define AUDIOLINK_V1
UnityEngine.StackTraceUtility:ExtractStackTrace ()
UnityEngine.DebugLogHandler:LogFormat (UnityEngine.LogType,UnityEngine.Object,string,object[])
UnityEngine.Logger:Log (UnityEngine.LogType,object)
UnityEngine.Debug:Log (object)
ArchiTech.SDK.Editor.ATEditorUtility:RemoveScriptingDefine (string) (at ./Packages/dev.architech.sdk/Editor/ATEditorUtility.cs:572)
ArchiTech.ProTV.Editor.AudioLinkScriptingDefineHandler:ReloadDefines () (at ./Packages/dev.architech.protv/Editor/Helpers/ProTVEditorUtility.cs:665)
UnityEditor.AssemblyReloadEvents:OnBeforeAssemblyReload ()

(Filename: ./Packages/dev.architech.sdk/Editor/ATEditorUtility.cs Line: 572)

[ScriptCompilation] NOT recompiling all scripts because this is an import worker process. Reason to compile was: Define symbols changed
- Loaded All Assemblies, in  1.135 seconds
Refreshing native plugins compatible for Editor in 32.92 ms, found 10 plugins.
Native extension for WindowsStandalone target not found
Native extension for Android target not found
[Package Manager] Server::EnsureServerProcessIsRunning -- launch failed, reason: Unity was launched with the -noUpm command-line argument
[Package Manager] UpmClient::Send -- Unable to send message (not connected to UPM process).
[Package Manager] Cannot connect to Unity Package Manager local server
System.ArgumentNullException: Value cannot be null.
Parameter name: path
  at System.IO.Directory.CreateDirectory (System.String path) [0x00003] in <eef08f56e2e042f1b3027eca477293d9>:0 
  at VRC.SDKBase.Editor.VRCPackageSettings.EnsurePathExists () [0x0000b] in .\Packages\com.vrchat.base\Editor\VRCSDK\Dependencies\VRChat\VRCPackageSettings.cs:45 
  at VRC.SDKBase.Editor.VRCPackageSettings.Load () [0x00000] in .\Packages\com.vrchat.base\Editor\VRCSDK\Dependencies\VRChat\VRCPackageSettings.cs:50 
  at VRC.SDKBase.Editor.VRCPackageSettings.Create () [0x00005] in .\Packages\com.vrchat.base\Editor\VRCSDK\Dependencies\VRChat\VRCPackageSettings.cs:19 
  at VRC.SDKBase.Editor.SampleHintCreator..cctor () [0x00007] in .\Packages\com.vrchat.base\Editor\VRCSDK\SampleHintCreator.cs:18 
UnityEngine.StackTraceUtility:ExtractStackTrace ()
UnityEngine.DebugLogHandler:LogFormat (UnityEngine.LogType,UnityEngine.Object,string,object[])
UnityEngine.Logger:Log (UnityEngine.LogType,object)
UnityEngine.Debug:LogError (object)
UnityEditor.EditorAssemblies:ProcessInitializeOnLoadAttributes (System.Type[])

[ScriptCompilation] NOT recompiling all scripts because this is an import worker process. Reason to compile was: Define symbols changed
Set Scripting Define Symbols for selected build target (Standalone) to: UNITY_POST_PROCESSING_STACK_V2;UDONSHARP;UDON;VRC_SDK_VRCSDK3;AUDIOLINK;AVPRO_IMPORTED;TPS;AUDIOLINK_V1
UnityEngine.StackTraceUtility:ExtractStackTrace ()
UnityEngine.DebugLogHandler:LogFormat (UnityEngine.LogType,UnityEngine.Object,string,object[])
UnityEngine.Logger:LogFormat (UnityEngine.LogType,string,object[])
UnityEngine.Debug:LogFormat (string,object[])
AudioLink.Editor.AudioLinkDefineManager:AddDefinesIfMissing (UnityEditor.BuildTargetGroup,string[]) (at ./Packages/com.llealloo.audiolink/Editor/Scripts/AudioLinkDefineManager.cs:41)
AudioLink.Editor.AudioLinkDefineManager:.cctor () (at ./Packages/com.llealloo.audiolink/Editor/Scripts/AudioLinkDefineManager.cs:14)
System.Runtime.CompilerServices.RuntimeHelpers:RunClassConstructor (System.RuntimeTypeHandle)
UnityEditor.EditorAssemblies:ProcessInitializeOnLoadAttributes (System.Type[])

(Filename: ./Packages/com.llealloo.audiolink/Editor/Scripts/AudioLinkDefineManager.cs Line: 41)

System.Reflection.TargetInvocationException: Exception has been thrown by the target of an invocation. ---> System.NullReferenceException: Object reference not set to an instance of an object
  at Unity.XR.Oculus.OculusLoader.AssetPathToAbsolutePath (System.String assetPath) [0x00040] in .\Library\PackageCache\com.unity.xr.oculus@4.0.0\Runtime\OculusLoader.cs:282 
  at Unity.XR.Oculus.OculusLoader.EditorLoadOVRPlugin () [0x0007b] in .\Library\PackageCache\com.unity.xr.oculus@4.0.0\Runtime\OculusLoader.cs:267 
  at (wrapper managed-to-native) System.Reflection.RuntimeMethodInfo.InternalInvoke(System.Reflection.RuntimeMethodInfo,object,object[],System.Exception&)
  at System.Reflection.RuntimeMethodInfo.Invoke (System.Object obj, System.Reflection.BindingFlags invokeAttr, System.Reflection.Binder binder, System.Object[] parameters, System.Globalization.CultureInfo culture) [0x0006a] in <eef08f56e2e042f1b3027eca477293d9>:0 
   --- End of inner exception stack trace ---
  at System.Reflection.RuntimeMethodInfo.Invoke (System.Object obj, System.Reflection.BindingFlags invokeAttr, System.Reflection.Binder binder, System.Object[] parameters, System.Globalization.CultureInfo culture) [0x00083] in <eef08f56e2e042f1b3027eca477293d9>:0 
  at System.Reflection.MethodBase.Invoke (System.Object obj, System.Object[] parameters) [0x00000] in <eef08f56e2e042f1b3027eca477293d9>:0 
  at UnityEditor.EditorAssemblies.ProcessInitializeOnLoadMethodAttributes () [0x000a5] in <347e3e2bef8c4deb82c9790c6e198135>:0 
UnityEngine.StackTraceUtility:ExtractStackTrace ()
UnityEngine.DebugLogHandler:LogFormat (UnityEngine.LogType,UnityEngine.Object,string,object[])
UnityEngine.Logger:Log (UnityEngine.LogType,object)
UnityEngine.Debug:LogError (object)
UnityEditor.EditorAssemblies:ProcessInitializeOnLoadMethodAttributes ()

Mono: successfully reloaded assembly
CreateSerializedAsset is not supported while importing out-of-process
UnityEngine.StackTraceUtility:ExtractStackTrace ()
UdonSharp.Updater.UdonSharpDataLocator:InitializeUdonSharpData () (at ./Packages/com.vrchat.worlds/Integrations/UdonSharp/Runtime/UdonSharpDataLocator.cs:75)
UdonSharp.Updater.UdonSharpDataLocator:get_DataPath () (at ./Packages/com.vrchat.worlds/Integrations/UdonSharp/Runtime/UdonSharpDataLocator.cs:44)
UdonSharp.Updater.UdonSharpLocator:get_SettingsPath () (at ./Packages/com.vrchat.worlds/Integrations/UdonSharp/Runtime/UdonSharpLocator.cs:49)
UdonSharpEditor.UdonSharpSettings:GetSettings () (at ./Packages/com.vrchat.worlds/Integrations/UdonSharp/Editor/Editors/UdonSharpSettings.cs:87)
UdonSharpEditor.UdonSharpSettings:GetScannerBlacklist () (at ./Packages/com.vrchat.worlds/Integrations/UdonSharp/Editor/Editors/UdonSharpSettings.cs:160)
UdonSharpEditor.UdonSharpSettings:FilterBlacklistedPaths (System.Collections.Generic.IEnumerable`1<string>) (at ./Packages/com.vrchat.worlds/Integrations/UdonSharp/Editor/Editors/UdonSharpSettings.cs:182)
UdonSharp.Compiler.CompilationContext:GetAllFilteredSourcePaths (bool) (at ./Packages/com.vrchat.worlds/Integrations/UdonSharp/Editor/Compiler/CompilationContext.cs:212)
UdonSharp.Compiler.CompilationContext:GetAllFilteredScripts (bool) (at ./Packages/com.vrchat.worlds/Integrations/UdonSharp/Editor/Compiler/CompilationContext.cs:228)
UdonSharp.UdonSharpProgramAsset:IsAnyScriptDirty () (at ./Packages/com.vrchat.worlds/Integrations/UdonSharp/Editor/UdonSharpProgramAsset.cs:256)
UdonSharp.UdonSharpProgramAsset:CompileAllCsPrograms (bool,bool) (at ./Packages/com.vrchat.worlds/Integrations/UdonSharp/Editor/UdonSharpProgramAsset.cs:292)
UdonSharpEditor.UdonSharpEditorUtility:UpgradeSceneBehaviours (System.Collections.Generic.IEnumerable`1<VRC.Udon.UdonBehaviour>) (at ./Packages/com.vrchat.worlds/Integrations/UdonSharp/Editor/UdonSharpEditorUtility.cs:650)
UdonSharpEditor.UdonSharpEditorManager:RunAllUpgrades () (at ./Packages/com.vrchat.worlds/Integrations/UdonSharp/Editor/UdonSharpEditorManager.cs:1694)
UdonSharpEditor.UdonSharpEditorManager:RunPostAssemblyBuildRefresh () (at ./Packages/com.vrchat.worlds/Integrations/UdonSharp/Editor/UdonSharpEditorManager.cs:132)
UnityEditor.AssemblyReloadEvents:OnAfterAssemblyReload ()

[./Packages/com.vrchat.worlds/Integrations/UdonSharp/Runtime/UdonSharpDataLocator.cs line 75]

[<color=#FF00FF>UdonSharp</color>] Hit exception while attempting to upgrade scene behaviours: UnityEngine.UnityException: Creating asset at path Assets/UdonSharp/UdonSharpDataLocator.asset failed.
  at (wrapper managed-to-native) UnityEditor.AssetDatabase.CreateAsset(UnityEngine.Object,string)
  at UdonSharp.Updater.UdonSharpDataLocator.InitializeUdonSharpData () [0x0005d] in .\Packages\com.vrchat.worlds\Integrations\UdonSharp\Runtime\UdonSharpDataLocator.cs:75 
  at UdonSharp.Updater.UdonSharpDataLocator.get_DataPath () [0x00065] in .\Packages\com.vrchat.worlds\Integrations\UdonSharp\Runtime\UdonSharpDataLocator.cs:44 
  at UdonSharp.Updater.UdonSharpLocator.get_SettingsPath () [0x00000] in .\Packages\com.vrchat.worlds\Integrations\UdonSharp\Runtime\UdonSharpLocator.cs:49 
  at UdonSharpEditor.UdonSharpSettings.GetSettings () [0x00012] in .\Packages\com.vrchat.worlds\Integrations\UdonSharp\Editor\Editors\UdonSharpSettings.cs:87 
  at UdonSharpEditor.UdonSharpSettings.GetScannerBlacklist () [0x00000] in .\Packages\com.vrchat.worlds\Integrations\UdonSharp\Editor\Editors\UdonSharpSettings.cs:160 
  at UdonSharpEditor.UdonSharpSettings.FilterBlacklistedPaths (System.Collections.Generic.IEnumerable`1[T] paths) [0x00006] in .\Packages\com.vrchat.worlds\Integrations\UdonSharp\Editor\Editors\UdonSharpSettings.cs:182 
  at UdonSharp.Compiler.CompilationContext.GetAllFilteredSourcePaths (System.Boolean isEditorBuild) [0x0006a] in .\Packages\com.vrchat.worlds\Integrations\UdonSharp\Editor\Compiler\CompilationContext.cs:212 
  at UdonSharp.Compiler.CompilationContext.GetAllFilteredScripts (System.Boolean isEditorBuild) [0x00000] in .\Packages\com.vrchat.worlds\Integrations\UdonSharp\Editor\Compiler\CompilationContext.cs:228 
  at UdonSharp.UdonSharpProgramAsset.IsAnyScriptDirty () [0x00006] in .\Packages\com.vrchat.worlds\Integrations\UdonSharp\Editor\UdonSharpProgramAsset.cs:256 
  at UdonSharp.UdonSharpProgramAsset.CompileAllCsPrograms (System.Boolean forceCompile, System.Boolean editorBuild) [0x00000] in .\Packages\com.vrchat.worlds\Integrations\UdonSharp\Editor\UdonSharpProgramAsset.cs:292 
  at UdonSharpEditor.UdonSharpEditorUtility.UpgradeSceneBehaviours (System.Collections.Generic.IEnumerable`1[T] behaviours) [0x0001a] in .\Packages\com.vrchat.worlds\Integrations\UdonSharp\Editor\UdonSharpEditorUtility.cs:650 
  at UdonSharpEditor.UdonSharpEditorManager.RunAllUpgrades () [0x0001c] in .\Packages\com.vrchat.worlds\Integrations\UdonSharp\Editor\UdonSharpEditorManager.cs:1694 
UnityEngine.StackTraceUtility:ExtractStackTrace ()
UnityEngine.DebugLogHandler:LogFormat (UnityEngine.LogType,UnityEngine.Object,string,object[])
UnityEngine.Logger:Log (UnityEngine.LogType,object)
UnityEngine.Debug:LogError (object)
UdonSharp.UdonSharpUtils:LogError (object) (at ./Packages/com.vrchat.worlds/Integrations/UdonSharp/Editor/UdonSharpUtils.cs:324)
UdonSharpEditor.UdonSharpEditorManager:RunAllUpgrades () (at ./Packages/com.vrchat.worlds/Integrations/UdonSharp/Editor/UdonSharpEditorManager.cs:1698)
UdonSharpEditor.UdonSharpEditorManager:RunPostAssemblyBuildRefresh () (at ./Packages/com.vrchat.worlds/Integrations/UdonSharp/Editor/UdonSharpEditorManager.cs:132)
UnityEditor.AssemblyReloadEvents:OnAfterAssemblyReload ()

(Filename: ./Packages/com.vrchat.worlds/Integrations/UdonSharp/Editor/UdonSharpUtils.cs Line: 324)

[Package Manager] Server::EnsureServerProcessIsRunning -- launch failed, reason: Unity was launched with the -noUpm command-line argument
[Package Manager] UpmClient::Send -- Unable to send message (not connected to UPM process).
[Package Manager] Cannot connect to Unity Package Manager local server
- Finished resetting the current domain, in  2.935 seconds
Domain Reload Profiling: 4067ms
	BeginReloadAssembly (285ms)
		ExecutionOrderSort (0ms)
		DisableScriptedObjects (5ms)
		BackupInstance (0ms)
		ReleaseScriptingObjects (0ms)
		CreateAndSetChildDomain (142ms)
	RebuildCommonClasses (33ms)
	RebuildNativeTypeToScriptingClass (11ms)
	initialDomainReloadingComplete (34ms)
	LoadAllAssembliesAndSetupDomain (767ms)
		LoadAssemblies (353ms)
		RebuildTransferFunctionScriptingTraits (0ms)
		AnalyzeDomain (466ms)
			TypeCache.Refresh (451ms)
				TypeCache.ScanAssembly (435ms)
			ScanForSourceGeneratedMonoScriptInfo (0ms)
			ResolveRequiredComponents (14ms)
	FinalizeReload (2936ms)
		ReleaseScriptCaches (0ms)
		RebuildScriptCaches (0ms)
		SetupLoadedEditorAssemblies (1010ms)
			LogAssemblyErrors (0ms)
			InitializePlatformSupportModulesInManaged (19ms)
			SetLoadedEditorAssemblies (8ms)
			RefreshPlugins (0ms)
			BeforeProcessingInitializeOnLoad (149ms)
			ProcessInitializeOnLoadAttributes (379ms)
			ProcessInitializeOnLoadMethodAttributes (453ms)
			AfterProcessingInitializeOnLoad (2ms)
			EditorAssembliesLoaded (0ms)
		ExecutionOrderSort2 (0ms)
		AwakeInstancesAfterBackupRestoration (7ms)
Refreshing native plugins compatible for Editor in 38.91 ms, found 10 plugins.
Preloading 2 native plugins for Editor in 0.13 ms.
Unloading 4155 Unused Serialized files (Serialized files now loaded: 0)
Unloading 194 unused Assets / (3.1 MB). Loaded Objects now: 4880.
Memory consumption went from 272.3 MB to 269.2 MB.
Total: 28.691400 ms (FindLiveObjects: 0.368900 ms CreateObjectMapping: 0.211200 ms MarkObjects: 26.000400 ms  DeleteObjects: 2.109300 ms)

Prepare: number of updated asset objects reloaded= 0
AssetImportParameters requested are different than current active one (requested -> active):
  custom:container-demuxer-ogg: 62fdf1f143b41e24485cea50d1cbac27 -> 
  custom:video-codec-MediaFoundation-h265: 746d11721c4dcdbdad8f713fa42b33f4 -> 
  custom:video-decoder-ogg-theora: a1e56fd34408186e4bbccfd4996cb3dc -> 
  custom:framework-win-MediaFoundation: 216162199b28c13a410421893ffa2e32 -> 
  custom:CustomObjectIndexerAttribute: 756ad292c208cfabdd7b50bc23989ffe -> 
  custom:container-demuxer-webm: 4f35f7cbe854078d1ac9338744f61a02 -> 
  custom:container-muxer-webm: aa71ff27fc2769a1b78a27578f13a17b -> 
  custom:video-decoder-webm-vp8: 9c59270c3fd7afecdb556c50c9e8de78 -> 
  custom:SearchIndexIgnoredProperties: e643bd26f0fe6173181afceb89e7c659 -> 
  custom:AudioImporter_EditorPlatform: d09bf68614088b80899f8185d706f6e7 -> 
  custom:video-encoder-webm-vp8: eb34c28f22e8b96e1ab97ce403110664 -> 
  custom:audio-decoder-ogg-vorbis: bf7c407c2cedff20999df2af8eb42d56 -> 
  custom:audio-encoder-webm-vorbis: bf7c407c2cedff20999df2af8eb42d56 -> 
Editor requested this worker to shutdown with reason: Scaling down because of idle timeout
TcpMessagingSession - receive error: operation aborted. errorcode: 995, details: The I/O operation has been aborted because of either a thread exit or an application request.
AssetImportWorker is now disconnected from the server
Process exiting
Exiting without the bug reporter. Application will terminate with return code 0